<?xml version="1.0" encoding="UTF-8"?>
<!-- Generated by org.testng.reporters.JUnitReportReporter -->
<testsuite skipped="0" hostname="ReshmaB-PC" name="Purchase_Reports.ViewReqsnOnholdHistoryTest" tests="1" failures="0" timestamp="10 Jun 2017 06:59:07 GMT" time="7.670" errors="0">
  <testcase name="purchase" time="7.670" classname="Purchase_Reports.ViewReqsnOnholdHistoryTest"/>
</testsuite> <!-- Purchase_Reports.ViewReqsnOnholdHistoryTest -->
