<?xml version="1.0" encoding="UTF-8"?>
<!-- Generated by org.testng.reporters.JUnitReportReporter -->
<testsuite hostname="Seachange-PC" name="technical_Admin.SAttendingVesselTest" tests="3" failures="0" timestamp="25 May 2017 11:11:54 GMT" time="43.076" errors="0">
  <testcase name="AddUserLeft" time="19.034" classname="technical_Admin.SAttendingVesselTest"/>
  <testcase name="AddUserRight" time="18.984" classname="technical_Admin.SAttendingVesselTest"/>
  <testcase name="UserList" time="5.058" classname="technical_Admin.SAttendingVesselTest"/>
</testsuite> <!-- technical_Admin.SAttendingVesselTest -->
