<?xml version="1.0" encoding="UTF-8"?>
<!-- Generated by org.testng.reporters.JUnitReportReporter -->
<testsuite skipped="0" hostname="Seachange-PC" name="technical_Admin.SuperAttendingVesselTest" tests="3" failures="0" timestamp="07 Jun 2017 04:18:30 GMT" time="44.505" errors="0">
  <testcase name="UserList" time="6.590" classname="technical_Admin.SuperAttendingVesselTest"/>
  <testcase name="AddUserRight" time="18.991" classname="technical_Admin.SuperAttendingVesselTest"/>
  <testcase name="AddUserLeft" time="18.924" classname="technical_Admin.SuperAttendingVesselTest"/>
</testsuite> <!-- technical_Admin.SuperAttendingVesselTest -->
