<?xml version="1.0" encoding="UTF-8"?>
<!-- Generated by org.testng.reporters.JUnitReportReporter -->
<testsuite hostname="Seachange-PC" name="operation_Admin.VslGeneralParametersTest" tests="3" failures="0" timestamp="25 May 2017 12:19:44 GMT" time="137.666" errors="0">
  <testcase name="VslGeneralParametersModule1" time="24.382" classname="operation_Admin.VslGeneralParametersTest"/>
  <testcase name="VslGeneralParametersModule" time="106.107" classname="operation_Admin.VslGeneralParametersTest"/>
  <testcase name="WaterInTankModule3" time="7.177" classname="operation_Admin.VslGeneralParametersTest"/>
</testsuite> <!-- operation_Admin.VslGeneralParametersTest -->
