<?xml version="1.0" encoding="UTF-8"?>
<!-- Generated by org.testng.reporters.JUnitReportReporter -->
<testsuite hostname="Seachange-PC" name="crew_Admin.TrainingTypesTest" tests="3" failures="0" timestamp="26 May 2017 12:13:23 GMT" time="54.348" errors="0">
  <testcase name="addTrainingTypes" time="19.555" classname="crew_Admin.TrainingTypesTest"/>
  <testcase name="Adminm" time="7.531" classname="crew_Admin.TrainingTypesTest"/>
  <testcase name="search" time="27.262" classname="crew_Admin.TrainingTypesTest"/>
</testsuite> <!-- crew_Admin.TrainingTypesTest -->
