<?xml version="1.0" encoding="UTF-8"?>
<!-- Generated by org.testng.reporters.JUnitReportReporter -->
<testsuite hostname="Seachange-PC" name="TestCases.CrewWelfareAmountTest" tests="3" failures="0" timestamp="23 May 2017 04:28:09 GMT" time="58.600" errors="0">
  <testcase name="Adminm" time="8.080" classname="TestCases.CrewWelfareAmountTest"/>
  <testcase name="addWelfareDetails" time="25.834" classname="TestCases.CrewWelfareAmountTest"/>
  <testcase name="filter" time="24.686" classname="TestCases.CrewWelfareAmountTest"/>
</testsuite> <!-- TestCases.CrewWelfareAmountTest -->
