<?xml version="1.0" encoding="UTF-8"?>
<!-- Generated by org.testng.reporters.JUnitReportReporter -->
<testsuite hostname="Seachange-PC" name="crew_Admin.CrewCardApproverTest" tests="4" failures="0" timestamp="26 May 2017 12:13:22 GMT" time="113.406" errors="0">
  <testcase name="AddCrewCardApprover" time="48.875" classname="crew_Admin.CrewCardApproverTest"/>
  <testcase name="Crew" time="6.113" classname="crew_Admin.CrewCardApproverTest"/>
  <testcase name="DeleteCrewCardApprover" time="26.073" classname="crew_Admin.CrewCardApproverTest"/>
  <testcase name="EditCrewCardApprover" time="32.345" classname="crew_Admin.CrewCardApproverTest"/>
</testsuite> <!-- crew_Admin.CrewCardApproverTest -->
