<?xml version="1.0" encoding="UTF-8"?>
<!-- Generated by org.testng.reporters.JUnitReportReporter -->
<testsuite hostname="Seachange-PC" name="TestCases.RankCategoryTest" tests="6" failures="0" timestamp="23 May 2017 04:28:09 GMT" time="89.177" errors="0">
  <testcase name="exportexcel" time="5.269" classname="TestCases.RankCategoryTest"/>
  <testcase name="addrankcategory" time="29.757" classname="TestCases.RankCategoryTest"/>
  <testcase name="search" time="8.324" classname="TestCases.RankCategoryTest"/>
  <testcase name="Adminm" time="10.338" classname="TestCases.RankCategoryTest"/>
  <testcase name="edit" time="18.962" classname="TestCases.RankCategoryTest"/>
  <testcase name="delete" time="16.527" classname="TestCases.RankCategoryTest"/>
</testsuite> <!-- TestCases.RankCategoryTest -->
