<?xml version="1.0" encoding="UTF-8"?>
<!-- Generated by org.testng.reporters.JUnitReportReporter -->
<testsuite hostname="Seachange-PC" name="crew_Admin.CrewDetailsConfigurationTest" tests="1" failures="0" timestamp="25 May 2017 12:19:44 GMT" time="32.427" errors="0">
  <testcase name="Adminm" time="32.427" classname="crew_Admin.CrewDetailsConfigurationTest"/>
</testsuite> <!-- crew_Admin.CrewDetailsConfigurationTest -->
