<?xml version="1.0" encoding="UTF-8"?>
<!-- Generated by org.testng.reporters.JUnitReportReporter -->
<testsuite hostname="Seachange-PC" name="TestCases.ApprovalSettingTest" tests="2" failures="0" timestamp="22 May 2017 10:34:16 GMT" time="44.690" errors="0">
  <testcase name="ApprovalSettings" time="27.911" classname="TestCases.ApprovalSettingTest"/>
  <testcase name="AddNewGroup" time="16.779" classname="TestCases.ApprovalSettingTest"/>
</testsuite> <!-- TestCases.ApprovalSettingTest -->
