<?xml version="1.0" encoding="UTF-8"?>
<!-- Generated by org.testng.reporters.JUnitReportReporter -->
<testsuite hostname="Seachange-PC" name="crew_Admin.SchoolTest" tests="3" failures="0" timestamp="25 May 2017 12:19:44 GMT" time="83.381" errors="0">
  <testcase name="SchoolModule" time="30.269" classname="crew_Admin.SchoolTest"/>
  <testcase name="SchoolModule1" time="28.647" classname="crew_Admin.SchoolTest"/>
  <testcase name="SchoolModule2" time="24.465" classname="crew_Admin.SchoolTest"/>
</testsuite> <!-- crew_Admin.SchoolTest -->
