<?xml version="1.0" encoding="UTF-8"?>
<!-- Generated by org.testng.reporters.JUnitReportReporter -->
<testsuite hostname="Seachange-PC" name="crew_Admin.CrewSignOffReasonTest" tests="3" failures="0" timestamp="26 May 2017 12:13:22 GMT" time="57.320" errors="0">
  <testcase name="addrank" time="18.443" classname="crew_Admin.CrewSignOffReasonTest"/>
  <testcase name="search" time="31.144" classname="crew_Admin.CrewSignOffReasonTest"/>
  <testcase name="Adminm" time="7.733" classname="crew_Admin.CrewSignOffReasonTest"/>
</testsuite> <!-- crew_Admin.CrewSignOffReasonTest -->
