<?xml version="1.0" encoding="UTF-8"?>
<!-- Generated by org.testng.reporters.JUnitReportReporter -->
<testsuite skipped="0" hostname="ReshmaB-PC" name="technical_Admin.InspectionTypeTest" tests="4" failures="0" timestamp="08 Jun 2017 06:21:05 GMT" time="85.215" errors="0">
  <testcase name="InspectionType" time="10.991" classname="technical_Admin.InspectionTypeTest"/>
  <testcase name="AddInspection" time="30.137" classname="technical_Admin.InspectionTypeTest"/>
  <testcase name="EditInspection" time="27.412" classname="technical_Admin.InspectionTypeTest"/>
  <testcase name="DeleteInspection" time="16.675" classname="technical_Admin.InspectionTypeTest"/>
</testsuite> <!-- technical_Admin.InspectionTypeTest -->
