<?xml version="1.0" encoding="UTF-8"?>
<!-- Generated by org.testng.reporters.JUnitReportReporter -->
<testsuite hostname="Seachange-PC" name="crew_Admin.RaceAndVeteranStatusTest" tests="2" failures="0" timestamp="25 May 2017 12:19:44 GMT" time="162.477" errors="0">
  <testcase name="VeteranStatus" time="78.628" classname="crew_Admin.RaceAndVeteranStatusTest"/>
  <testcase name="RaceIndex" time="83.849" classname="crew_Admin.RaceAndVeteranStatusTest"/>
</testsuite> <!-- crew_Admin.RaceAndVeteranStatusTest -->
