<?xml version="1.0" encoding="UTF-8"?>
<!-- Generated by org.testng.reporters.JUnitReportReporter -->
<testsuite hostname="Seachange-PC" name="TestCases.FormTypeLibraryTest" tests="2" failures="0" timestamp="22 May 2017 10:37:45 GMT" time="38.649" errors="0">
  <testcase name="FromType" time="29.439" classname="TestCases.FormTypeLibraryTest"/>
  <testcase name="FormTypeLibrary" time="9.210" classname="TestCases.FormTypeLibraryTest"/>
</testsuite> <!-- TestCases.FormTypeLibraryTest -->
