<?xml version="1.0" encoding="UTF-8"?>
<!-- Generated by org.testng.reporters.JUnitReportReporter -->
<testsuite hostname="Seachange-PC" name="purchase_Admin.PurchaseQuestionnaireTest" tests="5" failures="0" timestamp="29 May 2017 09:22:03 GMT" time="116.009" errors="0">
  <testcase name="AddNewGrade" time="26.067" classname="purchase_Admin.PurchaseQuestionnaireTest"/>
  <testcase name="AddNewQuestion" time="49.419" classname="purchase_Admin.PurchaseQuestionnaireTest"/>
  <testcase name="PurchaseQuestionnaire" time="10.211" classname="purchase_Admin.PurchaseQuestionnaireTest"/>
  <testcase name="DeleteAddedNewGrade" time="5.157" classname="purchase_Admin.PurchaseQuestionnaireTest"/>
  <testcase name="DeleteNewQuestion" time="25.155" classname="purchase_Admin.PurchaseQuestionnaireTest"/>
</testsuite> <!-- purchase_Admin.PurchaseQuestionnaireTest -->
