<?xml version="1.0" encoding="UTF-8"?>
<!-- Generated by org.testng.reporters.JUnitReportReporter -->
<testsuite hostname="Seachange-PC" name="crew_Admin.CrewStatusLibraryTest" tests="5" failures="0" timestamp="26 May 2017 12:13:22 GMT" time="107.862" errors="0">
  <testcase name="AddStatus" time="27.590" classname="crew_Admin.CrewStatusLibraryTest"/>
  <testcase name="Crew" time="6.014" classname="crew_Admin.CrewStatusLibraryTest"/>
  <testcase name="EditStatus" time="27.175" classname="crew_Admin.CrewStatusLibraryTest"/>
  <testcase name="EditSubStatus" time="26.148" classname="crew_Admin.CrewStatusLibraryTest"/>
  <testcase name="AddSubStatus" time="20.935" classname="crew_Admin.CrewStatusLibraryTest"/>
</testsuite> <!-- crew_Admin.CrewStatusLibraryTest -->
