<?xml version="1.0" encoding="UTF-8"?>
<!-- Generated by org.testng.reporters.JUnitReportReporter -->
<testsuite hostname="Seachange-PC" name="purchase_Admin.ProvisionsApprovalLimitTest" tests="2" failures="0" timestamp="29 May 2017 10:14:01 GMT" time="29.266" errors="0">
  <testcase name="SetApprovalLimit" time="19.118" classname="purchase_Admin.ProvisionsApprovalLimitTest"/>
  <testcase name="ProvisionsApprovalLimit" time="10.148" classname="purchase_Admin.ProvisionsApprovalLimitTest"/>
</testsuite> <!-- purchase_Admin.ProvisionsApprovalLimitTest -->
