<?xml version="1.0" encoding="UTF-8"?>
<!-- Generated by org.testng.reporters.JUnitReportReporter -->
<testsuite hostname="Seachange-PC" name="TestCases.CrewStatusLibraryTest" tests="5" failures="0" timestamp="16 May 2017 07:57:20 GMT" time="106.625" errors="0">
  <testcase name="Crew" time="5.778" classname="TestCases.CrewStatusLibraryTest"/>
  <testcase name="AddSubStatus" time="20.958" classname="TestCases.CrewStatusLibraryTest"/>
  <testcase name="EditStatus" time="27.242" classname="TestCases.CrewStatusLibraryTest"/>
  <testcase name="EditSubStatus" time="26.119" classname="TestCases.CrewStatusLibraryTest"/>
  <testcase name="AddStatus" time="26.528" classname="TestCases.CrewStatusLibraryTest"/>
</testsuite> <!-- TestCases.CrewStatusLibraryTest -->
