<?xml version="1.0" encoding="UTF-8"?>
<!-- Generated by org.testng.reporters.JUnitReportReporter -->
<testsuite hostname="Seachange-PC" name="TestCases.InspectionTest" tests="6" failures="0" timestamp="22 May 2017 07:02:05 GMT" time="96.072" errors="0">
  <testcase name="Searchandedit" time="12.382" classname="TestCases.InspectionTest"/>
  <testcase name="Retypename" time="15.428" classname="TestCases.InspectionTest"/>
  <testcase name="Blankname" time="12.577" classname="TestCases.InspectionTest"/>
  <testcase name="AddInspection" time="12.385" classname="TestCases.InspectionTest"/>
  <testcase name="InspectionType" time="11.711" classname="TestCases.InspectionTest"/>
  <testcase name="Delete" time="31.589" classname="TestCases.InspectionTest"/>
</testsuite> <!-- TestCases.InspectionTest -->
