<?xml version="1.0" encoding="UTF-8"?>
<!-- Generated by org.testng.reporters.JUnitReportReporter -->
<testsuite hostname="Seachange-PC" name="crew_Admin.joiningTypeTest" tests="8" failures="0" timestamp="26 May 2017 12:13:22 GMT" time="191.631" errors="0">
  <testcase name="delete" time="20.616" classname="crew_Admin.joiningTypeTest"/>
  <testcase name="search" time="32.905" classname="crew_Admin.joiningTypeTest"/>
  <testcase name="exportexcel" time="5.263" classname="crew_Admin.joiningTypeTest"/>
  <testcase name="addrank" time="42.033" classname="crew_Admin.joiningTypeTest"/>
  <testcase name="Adminm" time="7.790" classname="crew_Admin.joiningTypeTest"/>
  <testcase name="addPermanentStatus" time="25.641" classname="crew_Admin.joiningTypeTest"/>
  <testcase name="deletePermanentStatus" time="24.541" classname="crew_Admin.joiningTypeTest"/>
  <testcase name="searchPermanentStatus" time="32.842" classname="crew_Admin.joiningTypeTest"/>
</testsuite> <!-- crew_Admin.joiningTypeTest -->
