<?xml version="1.0" encoding="UTF-8"?>
<!-- Generated by org.testng.reporters.JUnitReportReporter -->
<testsuite hostname="Seachange-PC" name="crew_Admin.CrewLeaveWagesWithholdRulesTest" tests="1" failures="0" timestamp="26 May 2017 12:13:23 GMT" time="37.315" errors="0">
  <testcase name="Adminm" time="37.315" classname="crew_Admin.CrewLeaveWagesWithholdRulesTest"/>
</testsuite> <!-- crew_Admin.CrewLeaveWagesWithholdRulesTest -->
