<?xml version="1.0" encoding="UTF-8"?>
<!-- Generated by org.testng.reporters.JUnitReportReporter -->
<testsuite hostname="Seachange-PC" name="TestCases.PurchaseQuestionnaireTest" tests="2" failures="0" timestamp="22 May 2017 10:34:16 GMT" time="29.773" errors="0">
  <testcase name="PurchaseQuestionnaire" time="9.968" classname="TestCases.PurchaseQuestionnaireTest"/>
  <testcase name="AddNewQuestion" time="19.805" classname="TestCases.PurchaseQuestionnaireTest"/>
</testsuite> <!-- TestCases.PurchaseQuestionnaireTest -->
