<?xml version="1.0" encoding="UTF-8"?>
<!-- Generated by org.testng.reporters.JUnitReportReporter -->
<testsuite hostname="Seachange-PC" name="TestCases.DocumentGroupsTest" tests="3" failures="0" timestamp="23 May 2017 04:28:09 GMT" time="57.211" errors="0">
  <testcase name="filtergroupname" time="27.597" classname="TestCases.DocumentGroupsTest"/>
  <testcase name="DocumentGroupm" time="8.015" classname="TestCases.DocumentGroupsTest"/>
  <testcase name="addgroupnamem" time="21.599" classname="TestCases.DocumentGroupsTest"/>
</testsuite> <!-- TestCases.DocumentGroupsTest -->
