<?xml version="1.0" encoding="UTF-8"?>
<!-- Generated by org.testng.reporters.JUnitReportReporter -->
<testsuite hostname="Seachange-PC" name="crew_Admin.HandOverQuestionTest" tests="2" failures="0" timestamp="26 May 2017 12:13:22 GMT" time="86.517" errors="0">
  <testcase name="Adminm" time="46.498" classname="crew_Admin.HandOverQuestionTest"/>
  <testcase name="search" time="40.019" classname="crew_Admin.HandOverQuestionTest"/>
</testsuite> <!-- crew_Admin.HandOverQuestionTest -->
