<?xml version="1.0" encoding="UTF-8"?>
<!-- Generated by org.testng.reporters.JUnitReportReporter -->
<testsuite hostname="Seachange-PC" name="operation_Admin.WaterInTankTest" tests="3" failures="0" timestamp="25 May 2017 12:19:44 GMT" time="97.280" errors="0">
  <testcase name="WaterInTankModule3" time="18.450" classname="operation_Admin.WaterInTankTest"/>
  <testcase name="WaterInTankModule1" time="48.984" classname="operation_Admin.WaterInTankTest"/>
  <testcase name="WaterInTankModule2" time="29.846" classname="operation_Admin.WaterInTankTest"/>
</testsuite> <!-- operation_Admin.WaterInTankTest -->
