<?xml version="1.0" encoding="UTF-8"?>
<!-- Generated by org.testng.reporters.JUnitReportReporter -->
<testsuite hostname="Seachange-PC" name="TestCases.EmailTemplateTest" tests="2" failures="0" timestamp="22 May 2017 10:34:16 GMT" time="34.610" errors="0">
  <testcase name="AddEmailTemplate" time="24.495" classname="TestCases.EmailTemplateTest"/>
  <testcase name="EmailTemplat" time="10.115" classname="TestCases.EmailTemplateTest"/>
</testsuite> <!-- TestCases.EmailTemplateTest -->
