<?xml version="1.0" encoding="UTF-8"?>
<!-- Generated by org.testng.reporters.JUnitReportReporter -->
<testsuite hostname="Seachange-PC" name="TestCases.ContractTypeTest" tests="1" failures="0" timestamp="23 May 2017 04:51:44 GMT" time="57.551" errors="0">
  <testcase name="Adminm" time="57.551" classname="TestCases.ContractTypeTest"/>
</testsuite> <!-- TestCases.ContractTypeTest -->
