<?xml version="1.0" encoding="UTF-8"?>
<!-- Generated by org.testng.reporters.JUnitReportReporter -->
<testsuite hostname="Seachange-PC" name="TestCases.SAttendingVesselTest" tests="3" failures="0" timestamp="22 May 2017 08:39:55 GMT" time="43.200" errors="0">
  <testcase name="AddUserLeft" time="18.758" classname="TestCases.SAttendingVesselTest"/>
  <testcase name="UserList" time="5.178" classname="TestCases.SAttendingVesselTest"/>
  <testcase name="AddUserRight" time="19.264" classname="TestCases.SAttendingVesselTest"/>
</testsuite> <!-- TestCases.SAttendingVesselTest -->
