<?xml version="1.0" encoding="UTF-8"?>
<!-- Generated by org.testng.reporters.JUnitReportReporter -->
<testsuite hostname="Seachange-PC" name="TestCases.SetItemsMinMaxQtysTest" tests="2" failures="0" timestamp="22 May 2017 10:34:16 GMT" time="72.799" errors="0">
  <testcase name="MinMaxQuantity" time="11.088" classname="TestCases.SetItemsMinMaxQtysTest"/>
  <testcase name="CatalogueItem" time="61.711" classname="TestCases.SetItemsMinMaxQtysTest"/>
</testsuite> <!-- TestCases.SetItemsMinMaxQtysTest -->
