<?xml version="1.0" encoding="UTF-8"?>
<!-- Generated by org.testng.reporters.JUnitReportReporter -->
<testsuite hostname="Seachange-PC" name="operation_Admin.PiracyAlarmSettingsTest" tests="1" failures="0" timestamp="25 May 2017 12:19:44 GMT" time="24.434" errors="0">
  <testcase name="PiracyAlarmSettingsModule" time="24.434" classname="operation_Admin.PiracyAlarmSettingsTest"/>
</testsuite> <!-- operation_Admin.PiracyAlarmSettingsTest -->
