<?xml version="1.0" encoding="UTF-8"?>
<!-- Generated by org.testng.reporters.JUnitReportReporter -->
<testsuite hostname="Seachange-PC" name="TestCases.CrewSignOffReasonTest" tests="3" failures="0" timestamp="23 May 2017 04:28:09 GMT" time="76.557" errors="0">
  <testcase name="addrank" time="21.453" classname="TestCases.CrewSignOffReasonTest"/>
  <testcase name="Adminm" time="9.796" classname="TestCases.CrewSignOffReasonTest"/>
  <testcase name="search" time="45.308" classname="TestCases.CrewSignOffReasonTest"/>
</testsuite> <!-- TestCases.CrewSignOffReasonTest -->
