<?xml version="1.0" encoding="UTF-8"?>
<!-- Generated by org.testng.reporters.JUnitReportReporter -->
<testsuite hostname="Seachange-PC" name="TestCases.PMSAccessTest" tests="9" failures="0" timestamp="22 May 2017 10:20:13 GMT" time="118.384" errors="0">
  <testcase name="ActionTypeVerify" time="9.470" classname="TestCases.PMSAccessTest"/>
  <testcase name="AddPMSAccessD" time="16.538" classname="TestCases.PMSAccessTest"/>
  <testcase name="PMSAccess1" time="10.470" classname="TestCases.PMSAccessTest"/>
  <testcase name="Delete" time="9.400" classname="TestCases.PMSAccessTest"/>
  <testcase name="EditPMSAccess" time="16.422" classname="TestCases.PMSAccessTest"/>
  <testcase name="Add1" time="23.551" classname="TestCases.PMSAccessTest"/>
  <testcase name="TotalRecords" time="6.341" classname="TestCases.PMSAccessTest"/>
  <testcase name="AddPMSAccess" time="16.526" classname="TestCases.PMSAccessTest"/>
  <testcase name="ActionTypeDelete" time="9.666" classname="TestCases.PMSAccessTest"/>
</testsuite> <!-- TestCases.PMSAccessTest -->
