<?xml version="1.0" encoding="UTF-8"?>
<!-- Generated by org.testng.reporters.JUnitReportReporter -->
<testsuite hostname="Seachange-PC" name="TestCases.CrewRankScaleTest" tests="1" failures="0" timestamp="23 May 2017 05:51:27 GMT" time="35.980" errors="0">
  <testcase name="Adminm" time="35.980" classname="TestCases.CrewRankScaleTest"/>
</testsuite> <!-- TestCases.CrewRankScaleTest -->
