<?xml version="1.0" encoding="UTF-8"?>
<!-- Generated by org.testng.reporters.JUnitReportReporter -->
<testsuite skipped="0" hostname="ReshmaB-PC" name="Purchase_Reports.ViewReqsnSummaryTest" tests="2" failures="0" timestamp="10 Jun 2017 06:25:50 GMT" time="37.032" errors="0">
  <testcase name="purchase" time="7.975" classname="Purchase_Reports.ViewReqsnSummaryTest"/>
  <testcase name="Search" time="29.057" classname="Purchase_Reports.ViewReqsnSummaryTest"/>
</testsuite> <!-- Purchase_Reports.ViewReqsnSummaryTest -->
