<?xml version="1.0" encoding="UTF-8"?>
<!-- Generated by org.testng.reporters.JUnitReportReporter -->
<testsuite hostname="Seachange-PC" name="crew_Admin.OilMajorTest" tests="2" failures="0" timestamp="26 May 2017 12:13:22 GMT" time="67.969" errors="0">
  <testcase name="OilMajorModule" time="44.012" classname="crew_Admin.OilMajorTest"/>
  <testcase name="OilMajorModule1" time="23.957" classname="crew_Admin.OilMajorTest"/>
</testsuite> <!-- crew_Admin.OilMajorTest -->
