<?xml version="1.0" encoding="UTF-8"?>
<!-- Generated by org.testng.reporters.JUnitReportReporter -->
<testsuite hostname="Seachange-PC" name="crew_Admin.CrewContractPeriodTest" tests="1" failures="0" timestamp="26 May 2017 12:13:23 GMT" time="28.685" errors="0">
  <testcase name="Adminm" time="28.685" classname="crew_Admin.CrewContractPeriodTest"/>
</testsuite> <!-- crew_Admin.CrewContractPeriodTest -->
