<?xml version="1.0" encoding="UTF-8"?>
<!-- Generated by org.testng.reporters.JUnitReportReporter -->
<testsuite hostname="Seachange-PC" name="TestCases.LOTestingLabListTest" tests="4" failures="0" timestamp="22 May 2017 10:34:16 GMT" time="70.330" errors="0">
  <testcase name="AddNewLab" time="38.587" classname="TestCases.LOTestingLabListTest"/>
  <testcase name="EditLab" time="10.796" classname="TestCases.LOTestingLabListTest"/>
  <testcase name="DeleteLab" time="11.572" classname="TestCases.LOTestingLabListTest"/>
  <testcase name="TestingLabList" time="9.375" classname="TestCases.LOTestingLabListTest"/>
</testsuite> <!-- TestCases.LOTestingLabListTest -->
