<?xml version="1.0" encoding="UTF-8"?>
<!-- Generated by org.testng.reporters.JUnitReportReporter -->
<testsuite hostname="Seachange-PC" name="crew_Admin.AllotmentflagmailsettingsTest" tests="1" failures="0" timestamp="26 May 2017 12:13:23 GMT" time="29.780" errors="0">
  <testcase name="Admin" time="29.780" classname="crew_Admin.AllotmentflagmailsettingsTest"/>
</testsuite> <!-- crew_Admin.AllotmentflagmailsettingsTest -->
