<?xml version="1.0" encoding="UTF-8"?>
<!-- Generated by org.testng.reporters.JUnitReportReporter -->
<testsuite hostname="Seachange-PC" name="crew_Admin.RankCategoryTest" tests="6" failures="0" timestamp="26 May 2017 12:13:22 GMT" time="61.181" errors="0">
  <testcase name="addrankcategory" time="18.697" classname="crew_Admin.RankCategoryTest"/>
  <testcase name="delete" time="13.687" classname="crew_Admin.RankCategoryTest"/>
  <testcase name="Adminm" time="10.021" classname="crew_Admin.RankCategoryTest"/>
  <testcase name="search" time="4.191" classname="crew_Admin.RankCategoryTest"/>
  <testcase name="exportexcel" time="2.301" classname="crew_Admin.RankCategoryTest"/>
  <testcase name="edit" time="12.284" classname="crew_Admin.RankCategoryTest"/>
</testsuite> <!-- crew_Admin.RankCategoryTest -->
