<?xml version="1.0" encoding="UTF-8"?>
<!-- Generated by org.testng.reporters.JUnitReportReporter -->
<testsuite hostname="Seachange-PC" name="crew_Admin.CrewRankTest" tests="3" failures="0" timestamp="26 May 2017 12:13:23 GMT" time="49.185" errors="0">
  <testcase name="addrank" time="39.023" classname="crew_Admin.CrewRankTest"/>
  <testcase name="exportexcel" time="2.335" classname="crew_Admin.CrewRankTest"/>
  <testcase name="Adminm" time="7.827" classname="crew_Admin.CrewRankTest"/>
</testsuite> <!-- crew_Admin.CrewRankTest -->
