<?xml version="1.0" encoding="UTF-8"?>
<!-- Generated by org.testng.reporters.JUnitReportReporter -->
<testsuite hostname="Seachange-PC" name="purchase_Admin.LocationTest" tests="4" failures="0" timestamp="25 May 2017 12:19:44 GMT" time="62.642" errors="0">
  <testcase name="DeleteLocation" time="10.262" classname="purchase_Admin.LocationTest"/>
  <testcase name="AddNewLocation" time="24.993" classname="purchase_Admin.LocationTest"/>
  <testcase name="TestingLabList" time="8.589" classname="purchase_Admin.LocationTest"/>
  <testcase name="EditLocation" time="18.798" classname="purchase_Admin.LocationTest"/>
</testsuite> <!-- purchase_Admin.LocationTest -->
