<?xml version="1.0" encoding="UTF-8"?>
<!-- Generated by org.testng.reporters.JUnitReportReporter -->
<testsuite hostname="Seachange-PC" name="TestCases.CrewLeaveWagesWithholdRulesTest" tests="1" failures="0" timestamp="16 May 2017 11:39:04 GMT" time="55.019" errors="0">
  <testcase name="Adminm" time="55.019" classname="TestCases.CrewLeaveWagesWithholdRulesTest"/>
</testsuite> <!-- TestCases.CrewLeaveWagesWithholdRulesTest -->
