<?xml version="1.0" encoding="UTF-8"?>
<!-- Generated by org.testng.reporters.JUnitReportReporter -->
<testsuite hostname="Seachange-PC" name="TestCases.AlarmUnitTest" tests="6" failures="0" timestamp="22 May 2017 09:02:04 GMT" time="169.129" errors="0">
  <testcase name="EditBlank" time="18.515" classname="TestCases.AlarmUnitTest"/>
  <testcase name="AlarmUnit" time="8.548" classname="TestCases.AlarmUnitTest"/>
  <testcase name="PMSAlarmUnit" time="3.484" classname="TestCases.AlarmUnitTest"/>
  <testcase name="AddNewUnit" time="65.373" classname="TestCases.AlarmUnitTest"/>
  <testcase name="Delete" time="49.371" classname="TestCases.AlarmUnitTest"/>
  <testcase name="EditUnit" time="23.838" classname="TestCases.AlarmUnitTest"/>
</testsuite> <!-- TestCases.AlarmUnitTest -->
