<?xml version="1.0" encoding="UTF-8"?>
<!-- Generated by org.testng.reporters.JUnitReportReporter -->
<testsuite hostname="Seachange-PC" name="TestCases.SeniorityRewardYearTest" tests="1" failures="0" timestamp="23 May 2017 04:28:09 GMT" time="53.682" errors="0">
  <testcase name="Adminm" time="53.682" classname="TestCases.SeniorityRewardYearTest"/>
</testsuite> <!-- TestCases.SeniorityRewardYearTest -->
