<?xml version="1.0" encoding="UTF-8"?>
<!-- Generated by org.testng.reporters.JUnitReportReporter -->
<testsuite hostname="Seachange-PC" name="TestCases.TrainingTypesTest" tests="3" failures="0" timestamp="23 May 2017 04:28:09 GMT" time="74.744" errors="0">
  <testcase name="search" time="45.358" classname="TestCases.TrainingTypesTest"/>
  <testcase name="Adminm" time="7.892" classname="TestCases.TrainingTypesTest"/>
  <testcase name="addTrainingTypes" time="21.494" classname="TestCases.TrainingTypesTest"/>
</testsuite> <!-- TestCases.TrainingTypesTest -->
