<?xml version="1.0" encoding="UTF-8"?>
<!-- Generated by org.testng.reporters.JUnitReportReporter -->
<testsuite hostname="Seachange-PC" name="TestCases.CrewContractPeriodTest" tests="1" failures="0" timestamp="23 May 2017 08:52:12 GMT" time="41.247" errors="0">
  <testcase name="Adminm" time="41.247" classname="TestCases.CrewContractPeriodTest"/>
</testsuite> <!-- TestCases.CrewContractPeriodTest -->
