<?xml version="1.0" encoding="UTF-8"?>
<!-- Generated by org.testng.reporters.JUnitReportReporter -->
<testsuite hostname="Seachange-PC" name="purchase_Admin.LOTestingLabListTest" tests="4" failures="0" timestamp="25 May 2017 12:19:44 GMT" time="68.655" errors="0">
  <testcase name="EditLab" time="9.508" classname="purchase_Admin.LOTestingLabListTest"/>
  <testcase name="AddNewLab" time="38.556" classname="purchase_Admin.LOTestingLabListTest"/>
  <testcase name="DeleteLab" time="11.526" classname="purchase_Admin.LOTestingLabListTest"/>
  <testcase name="TestingLabList" time="9.065" classname="purchase_Admin.LOTestingLabListTest"/>
</testsuite> <!-- purchase_Admin.LOTestingLabListTest -->
