<?xml version="1.0" encoding="UTF-8"?>
<!-- Generated by org.testng.reporters.JUnitReportReporter -->
<testsuite hostname="Seachange-PC" name="TestCases.CompanySeniorityRewardTest" tests="1" failures="0" timestamp="23 May 2017 04:46:48 GMT" time="53.945" errors="0">
  <testcase name="Adminm" time="53.945" classname="TestCases.CompanySeniorityRewardTest"/>
</testsuite> <!-- TestCases.CompanySeniorityRewardTest -->
