<?xml version="1.0" encoding="UTF-8"?>
<!-- Generated by org.testng.reporters.JUnitReportReporter -->
<testsuite hostname="Seachange-PC" name="TestCases.FBMReadAccessTest" tests="2" failures="0" timestamp="22 May 2017 10:37:45 GMT" time="37.637" errors="0">
  <testcase name="FBMReadAcces" time="10.430" classname="TestCases.FBMReadAccessTest"/>
  <testcase name="Assignment" time="27.207" classname="TestCases.FBMReadAccessTest"/>
</testsuite> <!-- TestCases.FBMReadAccessTest -->
