<?xml version="1.0" encoding="UTF-8"?>
<!-- Generated by org.testng.reporters.JUnitReportReporter -->
<testsuite hostname="Seachange-PC" name="crew_Admin.Oil_LibraryTest" tests="3" failures="0" timestamp="25 May 2017 12:19:44 GMT" time="64.532" errors="0">
  <testcase name="OilMajorModule1" time="23.686" classname="crew_Admin.Oil_LibraryTest"/>
  <testcase name="OilMajorModule2" time="10.173" classname="crew_Admin.Oil_LibraryTest"/>
  <testcase name="oil_LibraryModule" time="30.673" classname="crew_Admin.Oil_LibraryTest"/>
</testsuite> <!-- crew_Admin.Oil_LibraryTest -->
