<?xml version="1.0" encoding="UTF-8"?>
<!-- Generated by org.testng.reporters.JUnitReportReporter -->
<testsuite skipped="0" hostname="Seachange-PC" name="technical_Admin.SurveyCertificateSettingsTest" tests="9" failures="0" timestamp="07 Jun 2017 09:57:37 GMT" time="453.895" errors="0">
  <testcase name="Survey" time="7.197" classname="technical_Admin.SurveyCertificateSettingsTest"/>
  <testcase name="MainCategory" time="54.547" classname="technical_Admin.SurveyCertificateSettingsTest"/>
  <testcase name="SubCategory" time="60.817" classname="technical_Admin.SurveyCertificateSettingsTest"/>
  <testcase name="SurveyCertificate" time="81.224" classname="technical_Admin.SurveyCertificateSettingsTest"/>
  <testcase name="SurveyAssign" time="42.192" classname="technical_Admin.SurveyCertificateSettingsTest"/>
  <testcase name="CertificateAuthority" time="58.873" classname="technical_Admin.SurveyCertificateSettingsTest"/>
  <testcase name="SurveyDocType" time="71.453" classname="technical_Admin.SurveyCertificateSettingsTest"/>
  <testcase name="DeleteSurveyCategary" time="53.183" classname="technical_Admin.SurveyCertificateSettingsTest"/>
  <testcase name="DeleteSurveyCertificate" time="24.409" classname="technical_Admin.SurveyCertificateSettingsTest"/>
</testsuite> <!-- technical_Admin.SurveyCertificateSettingsTest -->
