<?xml version="1.0" encoding="UTF-8"?>
<!-- Generated by org.testng.reporters.JUnitReportReporter -->
<testsuite hostname="Seachange-PC" name="purchase_Admin.SetItemsMinMaxQtysTest" tests="2" failures="0" timestamp="25 May 2017 12:19:44 GMT" time="73.694" errors="0">
  <testcase name="MinMaxQuantity" time="12.010" classname="purchase_Admin.SetItemsMinMaxQtysTest"/>
  <testcase name="CatalogueItem" time="61.684" classname="purchase_Admin.SetItemsMinMaxQtysTest"/>
</testsuite> <!-- purchase_Admin.SetItemsMinMaxQtysTest -->
