<?xml version="1.0" encoding="UTF-8"?>
<!-- Generated by org.testng.reporters.JUnitReportReporter -->
<testsuite hostname="Seachange-PC" name="purchase_Admin.ApprovalSettingTest" tests="2" failures="0" timestamp="25 May 2017 12:19:44 GMT" time="26.269" errors="0">
  <testcase name="AddNewGroup" time="16.747" classname="purchase_Admin.ApprovalSettingTest"/>
  <testcase name="ApprovalSettings" time="9.522" classname="purchase_Admin.ApprovalSettingTest"/>
</testsuite> <!-- purchase_Admin.ApprovalSettingTest -->
