<?xml version="1.0" encoding="UTF-8"?>
<!-- Generated by org.testng.reporters.JUnitReportReporter -->
<testsuite hostname="Seachange-PC" name="TestCases.OnBoardStaffLimitTest" tests="2" failures="0" timestamp="23 May 2017 04:40:57 GMT" time="41.648" errors="0">
  <testcase name="search" time="35.794" classname="TestCases.OnBoardStaffLimitTest"/>
  <testcase name="Adminm" time="5.854" classname="TestCases.OnBoardStaffLimitTest"/>
</testsuite> <!-- TestCases.OnBoardStaffLimitTest -->
