<?xml version="1.0" encoding="UTF-8"?>
<!-- Generated by org.testng.reporters.JUnitReportReporter -->
<testsuite hostname="Seachange-PC" name="crew_Admin.DocumentTypeTest" tests="6" failures="0" timestamp="26 May 2017 12:13:22 GMT" time="179.055" errors="0">
  <testcase name="DocumentTypem" time="9.130" classname="crew_Admin.DocumentTypeTest"/>
  <testcase name="Edit" time="29.000" classname="crew_Admin.DocumentTypeTest"/>
  <testcase name="addnewdocumentType" time="63.438" classname="crew_Admin.DocumentTypeTest"/>
  <testcase name="searchgroup" time="25.504" classname="crew_Admin.DocumentTypeTest"/>
  <testcase name="delete" time="28.567" classname="crew_Admin.DocumentTypeTest"/>
  <testcase name="search" time="23.416" classname="crew_Admin.DocumentTypeTest"/>
</testsuite> <!-- crew_Admin.DocumentTypeTest -->
