<?xml version="1.0" encoding="UTF-8"?>
<!-- Generated by org.testng.reporters.JUnitReportReporter -->
<testsuite hostname="Seachange-PC" name="crew_Admin.CrewWelfareAmountTest" tests="3" failures="0" timestamp="26 May 2017 12:13:23 GMT" time="58.333" errors="0">
  <testcase name="Adminm" time="7.894" classname="crew_Admin.CrewWelfareAmountTest"/>
  <testcase name="addWelfareDetails" time="25.802" classname="crew_Admin.CrewWelfareAmountTest"/>
  <testcase name="filter" time="24.637" classname="crew_Admin.CrewWelfareAmountTest"/>
</testsuite> <!-- crew_Admin.CrewWelfareAmountTest -->
