<?xml version="1.0" encoding="UTF-8"?>
<!-- Generated by org.testng.reporters.JUnitReportReporter -->
<testsuite hostname="Seachange-PC" name="purchase_Admin.EmailTemplateTest" tests="2" failures="0" timestamp="25 May 2017 12:19:44 GMT" time="33.622" errors="0">
  <testcase name="EmailTemplat" time="9.250" classname="purchase_Admin.EmailTemplateTest"/>
  <testcase name="AddEmailTemplate" time="24.372" classname="purchase_Admin.EmailTemplateTest"/>
</testsuite> <!-- purchase_Admin.EmailTemplateTest -->
