<?xml version="1.0" encoding="UTF-8"?>
<!-- Generated by org.testng.reporters.JUnitReportReporter -->
<testsuite hostname="Seachange-PC" name="TestCases.UnitPackingsTest" tests="4" failures="0" timestamp="22 May 2017 10:34:16 GMT" time="60.843" errors="0">
  <testcase name="DeletetUnitPacking" time="16.710" classname="TestCases.UnitPackingsTest"/>
  <testcase name="AddUnitPacking" time="17.790" classname="TestCases.UnitPackingsTest"/>
  <testcase name="UnitPacking" time="9.547" classname="TestCases.UnitPackingsTest"/>
  <testcase name="EditUnitPacking" time="16.796" classname="TestCases.UnitPackingsTest"/>
</testsuite> <!-- TestCases.UnitPackingsTest -->
