<?xml version="1.0" encoding="UTF-8"?>
<!-- Generated by org.testng.reporters.JUnitReportReporter -->
<testsuite hostname="Seachange-PC" name="TestCases.DocumentTypeTest" tests="6" failures="0" timestamp="23 May 2017 04:28:09 GMT" time="172.794" errors="0">
  <testcase name="delete" time="27.859" classname="TestCases.DocumentTypeTest"/>
  <testcase name="addnewdocumentType" time="62.992" classname="TestCases.DocumentTypeTest"/>
  <testcase name="search" time="23.839" classname="TestCases.DocumentTypeTest"/>
  <testcase name="Edit" time="24.611" classname="TestCases.DocumentTypeTest"/>
  <testcase name="DocumentTypem" time="9.407" classname="TestCases.DocumentTypeTest"/>
  <testcase name="searchgroup" time="24.086" classname="TestCases.DocumentTypeTest"/>
</testsuite> <!-- TestCases.DocumentTypeTest -->
