<?xml version="1.0" encoding="UTF-8"?>
<!-- Generated by org.testng.reporters.JUnitReportReporter -->
<testsuite hostname="Seachange-PC" name="crew_Admin.UnionAndUnionBookTest" tests="2" failures="0" timestamp="25 May 2017 12:19:44 GMT" time="163.678" errors="0">
  <testcase name="UnionAndUnionBookModule" time="85.067" classname="crew_Admin.UnionAndUnionBookTest"/>
  <testcase name="OilMajorModule1" time="78.611" classname="crew_Admin.UnionAndUnionBookTest"/>
</testsuite> <!-- crew_Admin.UnionAndUnionBookTest -->
