<?xml version="1.0" encoding="UTF-8"?>
<!-- Generated by org.testng.reporters.JUnitReportReporter -->
<testsuite skipped="0" hostname="ReshmaB-PC" name="Purchase_Reports.AttachedFilInformationTest" tests="1" failures="0" timestamp="10 Jun 2017 07:30:06 GMT" time="70.705" errors="0">
  <testcase name="VettingQuestionnairem" time="70.705" classname="Purchase_Reports.AttachedFilInformationTest"/>
</testsuite> <!-- Purchase_Reports.AttachedFilInformationTest -->
