<?xml version="1.0" encoding="UTF-8"?>
<!-- Generated by org.testng.reporters.JUnitReportReporter -->
<testsuite skipped="0" hostname="ReshmaB-PC" name="Purchase_Reports.InventoryItemsTest" tests="1" failures="0" timestamp="12 Jun 2017 03:52:59 GMT" time="8.395" errors="0">
  <testcase name="purchase" time="8.395" classname="Purchase_Reports.InventoryItemsTest"/>
</testsuite> <!-- Purchase_Reports.InventoryItemsTest -->
