<?xml version="1.0" encoding="UTF-8"?>
<!-- Generated by org.testng.reporters.JUnitReportReporter -->
<testsuite hostname="Seachange-PC" name="purchase_Admin.UnitPackingsTest" tests="4" failures="0" timestamp="25 May 2017 12:19:44 GMT" time="60.294" errors="0">
  <testcase name="AddUnitPacking" time="17.709" classname="purchase_Admin.UnitPackingsTest"/>
  <testcase name="UnitPacking" time="9.177" classname="purchase_Admin.UnitPackingsTest"/>
  <testcase name="EditUnitPacking" time="16.738" classname="purchase_Admin.UnitPackingsTest"/>
  <testcase name="DeletetUnitPacking" time="16.670" classname="purchase_Admin.UnitPackingsTest"/>
</testsuite> <!-- purchase_Admin.UnitPackingsTest -->
