<?xml version="1.0" encoding="UTF-8"?>
<!-- Generated by org.testng.reporters.JUnitReportReporter -->
<testsuite skipped="0" hostname="ReshmaB-PC" name="Purchase_CreateNewReq.CreateNewReqTest" tests="1" failures="0" timestamp="14 Jun 2017 04:40:03 GMT" time="109.595" errors="0">
  <testcase name="createnewreqM" time="109.595" classname="Purchase_CreateNewReq.CreateNewReqTest"/>
</testsuite> <!-- Purchase_CreateNewReq.CreateNewReqTest -->
