<?xml version="1.0" encoding="UTF-8"?>
<!-- Generated by org.testng.reporters.JUnitReportReporter -->
<testsuite hostname="Seachange-PC" name="crew_Admin.CrewJoiningSeniorityTest" tests="1" failures="0" timestamp="26 May 2017 12:13:23 GMT" time="28.572" errors="0">
  <testcase name="Adminm" time="28.572" classname="crew_Admin.CrewJoiningSeniorityTest"/>
</testsuite> <!-- crew_Admin.CrewJoiningSeniorityTest -->
