<?xml version="1.0" encoding="UTF-8"?>
<!-- Generated by org.testng.reporters.JUnitReportReporter -->
<testsuite hostname="Seachange-PC" name="TestCases.ERLogTHRESHOLDTest" tests="2" failures="0" timestamp="22 May 2017 06:56:35 GMT" time="54.074" errors="0">
  <testcase name="Threshold" time="5.267" classname="TestCases.ERLogTHRESHOLDTest"/>
  <testcase name="CopyThreshold" time="48.807" classname="TestCases.ERLogTHRESHOLDTest"/>
</testsuite> <!-- TestCases.ERLogTHRESHOLDTest -->
