<?xml version="1.0" encoding="UTF-8"?>
<!-- Generated by org.testng.reporters.JUnitReportReporter -->
<testsuite hostname="Seachange-PC" name="TestCases.joiningTypeTest" tests="8" failures="0" timestamp="23 May 2017 04:28:09 GMT" time="192.224" errors="0">
  <testcase name="deletePermanentStatus" time="24.634" classname="TestCases.joiningTypeTest"/>
  <testcase name="addrank" time="42.086" classname="TestCases.joiningTypeTest"/>
  <testcase name="search" time="32.994" classname="TestCases.joiningTypeTest"/>
  <testcase name="exportexcel" time="5.237" classname="TestCases.joiningTypeTest"/>
  <testcase name="addPermanentStatus" time="25.725" classname="TestCases.joiningTypeTest"/>
  <testcase name="Adminm" time="8.021" classname="TestCases.joiningTypeTest"/>
  <testcase name="delete" time="20.626" classname="TestCases.joiningTypeTest"/>
  <testcase name="searchPermanentStatus" time="32.901" classname="TestCases.joiningTypeTest"/>
</testsuite> <!-- TestCases.joiningTypeTest -->
