<?xml version="1.0" encoding="UTF-8"?>
<!-- Generated by org.testng.reporters.JUnitReportReporter -->
<testsuite hostname="Seachange-PC" name="TestCases.AllotmentflagmailsettingsTest" tests="1" failures="0" timestamp="23 May 2017 09:35:40 GMT" time="56.125" errors="0">
  <testcase name="Admin" time="56.125" classname="TestCases.AllotmentflagmailsettingsTest"/>
</testsuite> <!-- TestCases.AllotmentflagmailsettingsTest -->
