<?xml version="1.0" encoding="UTF-8"?>
<!-- Generated by org.testng.reporters.JUnitReportReporter -->
<testsuite hostname="Seachange-PC" name="TestCases.CrewRankTest" tests="3" failures="0" timestamp="23 May 2017 04:28:09 GMT" time="63.512" errors="0">
  <testcase name="Adminm" time="8.142" classname="TestCases.CrewRankTest"/>
  <testcase name="exportexcel" time="5.290" classname="TestCases.CrewRankTest"/>
  <testcase name="addrank" time="50.080" classname="TestCases.CrewRankTest"/>
</testsuite> <!-- TestCases.CrewRankTest -->
