<?xml version="1.0" encoding="UTF-8"?>
<!-- Generated by org.testng.reporters.JUnitReportReporter -->
<testsuite hostname="Seachange-PC" name="crew_Admin.CrewRankScaleTest" tests="1" failures="0" timestamp="26 May 2017 12:13:23 GMT" time="35.435" errors="0">
  <testcase name="Adminm" time="35.435" classname="crew_Admin.CrewRankScaleTest"/>
</testsuite> <!-- crew_Admin.CrewRankScaleTest -->
