<?xml version="1.0" encoding="UTF-8"?>
<!-- Generated by org.testng.reporters.JUnitReportReporter -->
<testsuite hostname="Seachange-PC" name="crew_Admin.OilMajorsRuleGroupTest" tests="4" failures="0" timestamp="26 May 2017 12:13:23 GMT" time="80.646" errors="0">
  <testcase name="InfoAndDeleteGroup" time="19.699" classname="crew_Admin.OilMajorsRuleGroupTest"/>
  <testcase name="Crew" time="5.924" classname="crew_Admin.OilMajorsRuleGroupTest"/>
  <testcase name="AddGroup" time="25.724" classname="crew_Admin.OilMajorsRuleGroupTest"/>
  <testcase name="EditGroup" time="29.299" classname="crew_Admin.OilMajorsRuleGroupTest"/>
</testsuite> <!-- crew_Admin.OilMajorsRuleGroupTest -->
