<?xml version="1.0" encoding="UTF-8"?>
<!-- Generated by org.testng.reporters.JUnitReportReporter -->
<testsuite hostname="Seachange-PC" name="TestCases.HandOverQuestionTest" tests="2" failures="0" timestamp="23 May 2017 07:18:26 GMT" time="87.501" errors="0">
  <testcase name="Adminm" time="47.170" classname="TestCases.HandOverQuestionTest"/>
  <testcase name="search" time="40.331" classname="TestCases.HandOverQuestionTest"/>
</testsuite> <!-- TestCases.HandOverQuestionTest -->
