<?xml version="1.0" encoding="UTF-8"?>
<!-- Generated by org.testng.reporters.JUnitReportReporter -->
<testsuite hostname="Seachange-PC" name="crew_Admin.OilMajorsRulesMappingTest" tests="1" failures="0" timestamp="26 May 2017 12:13:23 GMT" time="38.400" errors="0">
  <testcase name="Adminm" time="38.400" classname="crew_Admin.OilMajorsRulesMappingTest"/>
</testsuite> <!-- crew_Admin.OilMajorsRulesMappingTest -->
