<?xml version="1.0" encoding="UTF-8"?>
<!-- Generated by org.testng.reporters.JUnitReportReporter -->
<testsuite hostname="Seachange-PC" name="purchase_Admin.PurchaseSettingsTest" tests="5" failures="0" timestamp="25 May 2017 12:19:44 GMT" time="105.219" errors="0">
  <testcase name="PurchaseSetting" time="9.300" classname="purchase_Admin.PurchaseSettingsTest"/>
  <testcase name="CaptureRank" time="23.610" classname="purchase_Admin.PurchaseSettingsTest"/>
  <testcase name="PerchaseMandatory" time="14.448" classname="purchase_Admin.PurchaseSettingsTest"/>
  <testcase name="AutomaticRequisition" time="12.406" classname="purchase_Admin.PurchaseSettingsTest"/>
  <testcase name="PerchaseConfiSetting" time="45.455" classname="purchase_Admin.PurchaseSettingsTest"/>
</testsuite> <!-- purchase_Admin.PurchaseSettingsTest -->
