<?xml version="1.0" encoding="UTF-8"?>
<!-- Generated by org.testng.reporters.JUnitReportReporter -->
<testsuite hostname="Seachange-PC" name="operation_Admin.ReportsRankConfigTest" tests="1" failures="0" timestamp="25 May 2017 12:19:44 GMT" time="47.755" errors="0">
  <testcase name="ReportsRankConfigModule" time="47.755" classname="operation_Admin.ReportsRankConfigTest"/>
</testsuite> <!-- operation_Admin.ReportsRankConfigTest -->
