<?xml version="1.0" encoding="UTF-8"?>
<!-- Generated by org.testng.reporters.JUnitReportReporter -->
<testsuite hostname="Seachange-PC" name="crew_Admin.CrewStatusMappingTest" tests="3" failures="0" timestamp="26 May 2017 12:13:22 GMT" time="67.625" errors="0">
  <testcase name="EditStatusMapping" time="28.254" classname="crew_Admin.CrewStatusMappingTest"/>
  <testcase name="AddStatusMapping" time="33.408" classname="crew_Admin.CrewStatusMappingTest"/>
  <testcase name="Crew" time="5.963" classname="crew_Admin.CrewStatusMappingTest"/>
</testsuite> <!-- crew_Admin.CrewStatusMappingTest -->
