<?xml version="1.0" encoding="UTF-8"?>
<!-- Generated by org.testng.reporters.JUnitReportReporter -->
<testsuite hostname="Seachange-PC" name="crew_Admin.OnBoardStaffLimitTest" tests="2" failures="0" timestamp="26 May 2017 12:13:23 GMT" time="41.900" errors="0">
  <testcase name="search" time="36.076" classname="crew_Admin.OnBoardStaffLimitTest"/>
  <testcase name="Adminm" time="5.824" classname="crew_Admin.OnBoardStaffLimitTest"/>
</testsuite> <!-- crew_Admin.OnBoardStaffLimitTest -->
