<?xml version="1.0" encoding="UTF-8"?>
<!-- Generated by org.testng.reporters.JUnitReportReporter -->
<testsuite hostname="Seachange-PC" name="TestCases.FunctionLibraryTest" tests="8" failures="0" timestamp="22 May 2017 06:29:42 GMT" time="222.699" errors="0">
  <testcase name="TotalFunctionRecords" time="15.727" classname="TestCases.FunctionLibraryTest"/>
  <testcase name="AddFunction" time="26.006" classname="TestCases.FunctionLibraryTest"/>
  <testcase name="AddFunctionname" time="29.050" classname="TestCases.FunctionLibraryTest"/>
  <testcase name="DeleteFunction" time="76.277" classname="TestCases.FunctionLibraryTest"/>
  <testcase name="Samename" time="15.721" classname="TestCases.FunctionLibraryTest"/>
  <testcase name="EditFunction" time="35.116" classname="TestCases.FunctionLibraryTest"/>
  <testcase name="FunctionsLibrary1" time="8.303" classname="TestCases.FunctionLibraryTest"/>
  <testcase name="Blankcode" time="16.499" classname="TestCases.FunctionLibraryTest"/>
</testsuite> <!-- TestCases.FunctionLibraryTest -->
