<?xml version="1.0" encoding="UTF-8"?>
<!-- Generated by org.testng.reporters.JUnitReportReporter -->
<testsuite hostname="Seachange-PC" name="crew_Admin.CompanySeniorityRewardTest" tests="1" failures="0" timestamp="26 May 2017 12:13:22 GMT" time="46.332" errors="0">
  <testcase name="Adminm" time="46.332" classname="crew_Admin.CompanySeniorityRewardTest"/>
</testsuite> <!-- crew_Admin.CompanySeniorityRewardTest -->
