<?xml version="1.0" encoding="UTF-8"?>
<!-- Generated by org.testng.reporters.JUnitReportReporter -->
<testsuite hostname="Seachange-PC" name="TestCases.CashAdvanceLimitTest" tests="1" failures="0" timestamp="23 May 2017 09:20:05 GMT" time="56.377" errors="0">
  <testcase name="Adminm" time="56.377" classname="TestCases.CashAdvanceLimitTest"/>
</testsuite> <!-- TestCases.CashAdvanceLimitTest -->
