<?xml version="1.0" encoding="UTF-8"?>
<!-- Generated by org.testng.reporters.JUnitReportReporter -->
<testsuite hostname="Seachange-PC" name="TestCases.LocationTest" tests="4" failures="0" timestamp="22 May 2017 10:34:16 GMT" time="63.540" errors="0">
  <testcase name="EditLocation" time="18.855" classname="TestCases.LocationTest"/>
  <testcase name="AddNewLocation" time="24.974" classname="TestCases.LocationTest"/>
  <testcase name="DeleteLocation" time="10.313" classname="TestCases.LocationTest"/>
  <testcase name="TestingLabList" time="9.398" classname="TestCases.LocationTest"/>
</testsuite> <!-- TestCases.LocationTest -->
