<?xml version="1.0" encoding="UTF-8"?>
<!-- Generated by org.testng.reporters.JUnitReportReporter -->
<testsuite hostname="Seachange-PC" name="crew_Admin.DocumentGroupsTest" tests="3" failures="0" timestamp="26 May 2017 12:13:23 GMT" time="58.733" errors="0">
  <testcase name="DocumentGroupm" time="9.747" classname="crew_Admin.DocumentGroupsTest"/>
  <testcase name="addgroupnamem" time="21.447" classname="crew_Admin.DocumentGroupsTest"/>
  <testcase name="filtergroupname" time="27.539" classname="crew_Admin.DocumentGroupsTest"/>
</testsuite> <!-- crew_Admin.DocumentGroupsTest -->
