<?xml version="1.0" encoding="UTF-8"?>
<!-- Generated by org.testng.reporters.JUnitReportReporter -->
<testsuite hostname="Seachange-PC" name="TestCases.CrewStatusMappingTest" tests="3" failures="0" timestamp="16 May 2017 11:39:04 GMT" time="71.537" errors="0">
  <testcase name="EditStatusMapping" time="32.609" classname="TestCases.CrewStatusMappingTest"/>
  <testcase name="Crew" time="6.597" classname="TestCases.CrewStatusMappingTest"/>
  <testcase name="AddStatusMapping" time="32.331" classname="TestCases.CrewStatusMappingTest"/>
</testsuite> <!-- TestCases.CrewStatusMappingTest -->
