<?xml version="1.0" encoding="UTF-8"?>
<!-- Generated by org.testng.reporters.JUnitReportReporter -->
<testsuite hostname="Seachange-PC" name="TestCases.InspectionTypeTest" tests="6" failures="0" timestamp="22 May 2017 08:31:04 GMT" time="126.611" errors="0">
  <testcase name="Searchandedit" time="16.970" classname="TestCases.InspectionTypeTest"/>
  <testcase name="Delete" time="50.345" classname="TestCases.InspectionTypeTest"/>
  <testcase name="InspectionType" time="11.295" classname="TestCases.InspectionTypeTest"/>
  <testcase name="Blankname" time="12.597" classname="TestCases.InspectionTypeTest"/>
  <testcase name="AddInspection" time="12.413" classname="TestCases.InspectionTypeTest"/>
  <testcase name="EditName" time="22.991" classname="TestCases.InspectionTypeTest"/>
</testsuite> <!-- TestCases.InspectionTypeTest -->
